<?xml version="1.0" encoding="UTF-8"?>
<!-- Generated by org.testng.reporters.JUnitXMLReporter -->
<testsuite ignored="2" hostname="DESKTOP-F7IKRUH" failures="1" tests="7" name="Test(failed)(failed)" time="0.067" errors="0" timestamp="2022-11-02T21:55:40 IST">
  <testcase classname="Test_ng_programms.A1" name="TC1" time="0.008"/>
  <testcase classname="Test_ng_programms.A1" name="TC2" time="0.001"/>
  <testcase classname="Test_ng_programms.A1" name="TC3" time="0.001"/>
  <testcase classname="Test_ng_programms.A3" name="TC7" time="0.001"/>
  <testcase classname="Test_ng_programms.A3" name="TC8" time="0.001"/>
  <testcase classname="Test_ng_programms.A3" name="TC9" time="0.001"/>
  <testcase classname="Test_ng_programms.A2" name="TC5" time="0.003">
    <failure type="java.lang.AssertionError" message="null">
      <![CDATA[java.lang.AssertionError: null
at Test_ng_programms.A2.TC5(A2.java:15)
at java.base/java.util.ArrayList.forEach(ArrayList.java:1511)
... Removed 29 stack frames]]>
    </failure>
  </testcase> <!-- TC5 -->
  <testcase classname="Test_ng_programms.A2" name="TC6" time="0.0">
    <ignored/>
  </testcase> <!-- TC6 -->
  <testcase classname="Test_ng_programms.A2" name="TC4" time="0.0">
    <ignored/>
  </testcase> <!-- TC4 -->
</testsuite> <!-- Test(failed)(failed) -->
